<?xml version="1.0" encoding="utf-8"?><testsuites name="pytest tests"><testsuite name="pytest" errors="0" failures="0" skipped="0" tests="15" time="70.486" timestamp="2026-01-08T22:43:29.024210+00:00" hostname="agent-env-0cce1e66-b687-423b-a796-8f7abe47334e"><testcase classname="tests.test_bist_api.TestHealthCheck" name="test_health_endpoint" time="0.082" /><testcase classname="tests.test_bist_api.TestAuthentication" name="test_login_success" time="0.262" /><testcase classname="tests.test_bist_api.TestAuthentication" name="test_login_invalid_credentials" time="0.046" /><testcase classname="tests.test_bist_api.TestAuthentication" name="test_protected_endpoint_without_token" time="0.034" /><testcase classname="tests.test_bist_api.TestStockSymbols" name="test_get_symbols" time="0.297" /><testcase classname="tests.test_bist_api.TestStockSymbols" name="test_symbols_alphabetically_sorted" time="0.298" /><testcase classname="tests.test_bist_api.TestStockSymbols" name="test_specific_symbols_present" time="0.341" /><testcase classname="tests.test_bist_api.TestCandlestickData" name="test_get_candlestick_data" time="0.362" /><testcase classname="tests.test_bist_api.TestCandlestickData" name="test_candlestick_different_intervals" time="0.544" /><testcase classname="tests.test_bist_api.TestStockAnalysis" name="test_analyze_stock" time="0.386" /><testcase classname="tests.test_bist_api.TestQuickStockInfo" name="test_get_quick_stock_info" time="0.640" /><testcase classname="tests.test_bist_api.TestSimilarStocksSearch" name="test_find_similar_stocks_endpoint_exists" time="49.871" /><testcase classname="tests.test_bist_api.TestSimilarStocksSearch" name="test_find_partial_match_endpoint_exists" time="16.548" /><testcase classname="tests.test_bist_api.TestSaveAnalysis" name="test_save_analysis" time="0.338" /><testcase classname="tests.test_bist_api.TestSaveAnalysis" name="test_get_saved_analyses" time="0.303" /></testsuite></testsuites>